0 info it worked if it ends with ok
1 verbose cli [ '/opt/boxen/homebrew/Cellar/nvm/0.24.1/versions/node/v5.2.0/bin/node',
1 verbose cli   '/opt/boxen/homebrew/opt/nvm/versions/node/v5.2.0/bin/npm',
1 verbose cli   'run',
1 verbose cli   'coverage' ]
2 info using npm@3.5.2
3 info using node@v5.2.0
4 verbose run-script [ 'precoverage', 'coverage', 'postcoverage' ]
5 info lifecycle polymer-bootlicker@0.0.2~precoverage: polymer-bootlicker@0.0.2
6 silly lifecycle polymer-bootlicker@0.0.2~precoverage: no script for precoverage, continuing
7 info lifecycle polymer-bootlicker@0.0.2~coverage: polymer-bootlicker@0.0.2
8 verbose lifecycle polymer-bootlicker@0.0.2~coverage: unsafe-perm in lifecycle true
9 verbose lifecycle polymer-bootlicker@0.0.2~coverage: PATH: /opt/boxen/homebrew/Cellar/nvm/0.24.1/versions/node/v5.2.0/lib/node_modules/npm/bin/node-gyp-bin:/Users/Filipe/Desktop/polymer-bootlicker/node_modules/.bin:/opt/boxen/homebrew/opt/nvm/versions/node/v5.2.0/bin:/Users/Filipe/google-cloud-sdk/bin:bin:/opt/boxen/heroku/bin:/opt/boxen/rbenv/shims:/opt/boxen/rbenv/bin:/opt/boxen/ruby-build/bin:/opt/boxen/phantomenv/shims:/opt/boxen/phantomenv/bin:node_modules/.bin:/opt/boxen/nodenv/shims:/opt/boxen/nodenv/bin:/opt/boxen/homebrew/bin:/opt/boxen/homebrew/sbin:/opt/boxen/bin:/usr/local/bin:/usr/bin:/bin:/usr/sbin:/sbin:/opt/X11/bin
10 verbose lifecycle polymer-bootlicker@0.0.2~coverage: CWD: /Users/Filipe/Desktop/polymer-bootlicker
11 silly lifecycle polymer-bootlicker@0.0.2~coverage: Args: [ '-c', 'nyc report --reporter=text-lcov | coveralls' ]
12 silly lifecycle polymer-bootlicker@0.0.2~coverage: Returned: code: 1  signal: null
13 info lifecycle polymer-bootlicker@0.0.2~coverage: Failed to exec coverage script
14 verbose stack Error: polymer-bootlicker@0.0.2 coverage: `nyc report --reporter=text-lcov | coveralls`
14 verbose stack Exit status 1
14 verbose stack     at EventEmitter.<anonymous> (/opt/boxen/homebrew/Cellar/nvm/0.24.1/versions/node/v5.2.0/lib/node_modules/npm/lib/utils/lifecycle.js:232:16)
14 verbose stack     at emitTwo (events.js:88:13)
14 verbose stack     at EventEmitter.emit (events.js:173:7)
14 verbose stack     at ChildProcess.<anonymous> (/opt/boxen/homebrew/Cellar/nvm/0.24.1/versions/node/v5.2.0/lib/node_modules/npm/lib/utils/spawn.js:24:14)
14 verbose stack     at emitTwo (events.js:88:13)
14 verbose stack     at ChildProcess.emit (events.js:173:7)
14 verbose stack     at maybeClose (internal/child_process.js:819:16)
14 verbose stack     at Process.ChildProcess._handle.onexit (internal/child_process.js:212:5)
15 verbose pkgid polymer-bootlicker@0.0.2
16 verbose cwd /Users/Filipe/Desktop/polymer-bootlicker
17 error Darwin 15.0.0
18 error argv "/opt/boxen/homebrew/Cellar/nvm/0.24.1/versions/node/v5.2.0/bin/node" "/opt/boxen/homebrew/opt/nvm/versions/node/v5.2.0/bin/npm" "run" "coverage"
19 error node v5.2.0
20 error npm  v3.5.2
21 error code ELIFECYCLE
22 error polymer-bootlicker@0.0.2 coverage: `nyc report --reporter=text-lcov | coveralls`
22 error Exit status 1
23 error Failed at the polymer-bootlicker@0.0.2 coverage script 'nyc report --reporter=text-lcov | coveralls'.
23 error Make sure you have the latest version of node.js and npm installed.
23 error If you do, this is most likely a problem with the polymer-bootlicker package,
23 error not with npm itself.
23 error Tell the author that this fails on your system:
23 error     nyc report --reporter=text-lcov | coveralls
23 error You can get information on how to open an issue for this project with:
23 error     npm bugs polymer-bootlicker
23 error Or if that isn't available, you can get their info via:
23 error     npm owner ls polymer-bootlicker
23 error There is likely additional logging output above.
24 verbose exit [ 1, true ]
